# JRE version: Java(TM) SE Runtime Environment (8.0_66-b18) (build 1.8.0_66-b18)
# Java VM: Java HotSpot(TM) 64-Bit Server VM (25.66-b18 mixed mode windows-amd64 compressed oops)
Heap:
 PSYoungGen      total 303104K, used 144521K [0x00000000d6000000, 0x00000000ea600000, 0x0000000100000000)
  eden space 285184K, 50% used [0x00000000d6000000,0x00000000ded22640,0x00000000e7680000)
  from space 17920K, 0% used [0x00000000e8700000,0x00000000e8700000,0x00000000e9880000)
  to   space 16896K, 0% used [0x00000000e7680000,0x00000000e7680000,0x00000000e8700000)
 ParOldGen       total 91136K, used 26027K [0x0000000082000000, 0x0000000087900000, 0x00000000d6000000)
  object space 91136K, 28% used [0x0000000082000000,0x000000008396ad48,0x0000000087900000)
 Metaspace       used 40295K, capacity 40957K, committed 41088K, reserved 1085440K
  class space    used 4976K, capacity 5125K, committed 5248K, reserved 1048576K
GC Heap History (10 events):
Event: 10.720 GC heap before
{Heap before GC invocations=8 (full 1):
 PSYoungGen      total 124928K, used 117882K [0x00000000d6000000, 0x00000000de780000, 0x0000000100000000)
  eden space 113664K, 100% used [0x00000000d6000000,0x00000000dcf00000,0x00000000dcf00000)
  from space 11264K, 37% used [0x00000000dda00000,0x00000000dde1eb20,0x00000000de500000)
  to   space 11264K, 0% used [0x00000000dcf00000,0x00000000dcf00000,0x00000000dda00000)
 ParOldGen       total 57344K, used 10331K [0x0000000082000000, 0x0000000085800000, 0x00000000d6000000)
  object space 57344K, 18% used [0x0000000082000000,0x0000000082a16ce8,0x0000000085800000)
 Metaspace       used 27264K, capacity 27537K, committed 27904K, reserved 1073152K
  class space    used 3446K, capacity 3544K, committed 3584K, reserved 1048576K
Event: 10.732 GC heap after
Heap after GC invocations=8 (full 1):
 PSYoungGen      total 124928K, used 8655K [0x00000000d6000000, 0x00000000e3a80000, 0x0000000100000000)
  eden space 113664K, 0% used [0x00000000d6000000,0x00000000d6000000,0x00000000dcf00000)
  from space 11264K, 76% used [0x00000000dcf00000,0x00000000dd773ef8,0x00000000dda00000)
  to   space 11776K, 0% used [0x00000000e2f00000,0x00000000e2f00000,0x00000000e3a80000)
 ParOldGen       total 57344K, used 10339K [0x0000000082000000, 0x0000000085800000, 0x00000000d6000000)
  object space 57344K, 18% used [0x0000000082000000,0x0000000082a18ce8,0x0000000085800000)
 Metaspace       used 27264K, capacity 27537K, committed 27904K, reserved 1073152K
  class space    used 3446K, capacity 3544K, committed 3584K, reserved 1048576K
}
Event: 12.382 GC heap before
{Heap before GC invocations=9 (full 1):
 PSYoungGen      total 124928K, used 122319K [0x00000000d6000000, 0x00000000e3a80000, 0x0000000100000000)
  eden space 113664K, 100% used [0x00000000d6000000,0x00000000dcf00000,0x00000000dcf00000)
  from space 11264K, 76% used [0x00000000dcf00000,0x00000000dd773ef8,0x00000000dda00000)
  to   space 11776K, 0% used [0x00000000e2f00000,0x00000000e2f00000,0x00000000e3a80000)
 ParOldGen       total 57344K, used 10339K [0x0000000082000000, 0x0000000085800000, 0x00000000d6000000)
  object space 57344K, 18% used [0x0000000082000000,0x0000000082a18ce8,0x0000000085800000)
 Metaspace       used 31169K, capacity 31477K, committed 31744K, reserved 1077248K
  class space    used 3902K, capacity 3998K, committed 4096K, reserved 1048576K
Event: 12.394 GC heap after
Heap after GC invocations=9 (full 1):
 PSYoungGen      total 209408K, used 11769K [0x00000000d6000000, 0x00000000e3c00000, 0x0000000100000000)
  eden space 197632K, 0% used [0x00000000d6000000,0x00000000d6000000,0x00000000e2100000)
  from space 11776K, 99% used [0x00000000e2f00000,0x00000000e3a7e450,0x00000000e3a80000)
  to   space 13824K, 0% used [0x00000000e2100000,0x00000000e2100000,0x00000000e2e80000)
 ParOldGen       total 57344K, used 11313K [0x0000000082000000, 0x0000000085800000, 0x00000000d6000000)
  object space 57344K, 19% used [0x0000000082000000,0x0000000082b0c700,0x0000000085800000)
 Metaspace       used 31169K, capacity 31477K, committed 31744K, reserved 1077248K
  class space    used 3902K, capacity 3998K, committed 4096K, reserved 1048576K
}
Event: 14.915 GC heap before
{Heap before GC invocations=10 (full 1):
 PSYoungGen      total 209408K, used 209401K [0x00000000d6000000, 0x00000000e3c00000, 0x0000000100000000)
  eden space 197632K, 100% used [0x00000000d6000000,0x00000000e2100000,0x00000000e2100000)
  from space 11776K, 99% used [0x00000000e2f00000,0x00000000e3a7e450,0x00000000e3a80000)
  to   space 13824K, 0% used [0x00000000e2100000,0x00000000e2100000,0x00000000e2e80000)
 ParOldGen       total 57344K, used 11313K [0x0000000082000000, 0x0000000085800000, 0x00000000d6000000)
  object space 57344K, 19% used [0x0000000082000000,0x0000000082b0c700,0x0000000085800000)
 Metaspace       used 34524K, capacity 34963K, committed 35200K, reserved 1079296K
  class space    used 4321K, capacity 4435K, committed 4480K, reserved 1048576K
Event: 14.939 GC heap after
Heap after GC invocations=10 (full 1):
 PSYoungGen      total 211456K, used 13807K [0x00000000d6000000, 0x00000000e9880000, 0x0000000100000000)
  eden space 197632K, 0% used [0x00000000d6000000,0x00000000d6000000,0x00000000e2100000)
  from space 13824K, 99% used [0x00000000e2100000,0x00000000e2e7bd78,0x00000000e2e80000)
  to   space 17920K, 0% used [0x00000000e8700000,0x00000000e8700000,0x00000000e9880000)
 ParOldGen       total 57344K, used 17115K [0x0000000082000000, 0x0000000085800000, 0x00000000d6000000)
  object space 57344K, 29% used [0x0000000082000000,0x00000000830b6ec8,0x0000000085800000)
 Metaspace       used 34524K, capacity 34963K, committed 35200K, reserved 1079296K
  class space    used 4321K, capacity 4435K, committed 4480K, reserved 1048576K
}
Event: 15.271 GC heap before
{Heap before GC invocations=11 (full 1):
 PSYoungGen      total 211456K, used 46391K [0x00000000d6000000, 0x00000000e9880000, 0x0000000100000000)
  eden space 197632K, 16% used [0x00000000d6000000,0x00000000d7fd20f8,0x00000000e2100000)
  from space 13824K, 99% used [0x00000000e2100000,0x00000000e2e7bd78,0x00000000e2e80000)
  to   space 17920K, 0% used [0x00000000e8700000,0x00000000e8700000,0x00000000e9880000)
 ParOldGen       total 57344K, used 17115K [0x0000000082000000, 0x0000000085800000, 0x00000000d6000000)
  object space 57344K, 29% used [0x0000000082000000,0x00000000830b6ec8,0x0000000085800000)
 Metaspace       used 34915K, capacity 35423K, committed 35456K, reserved 1081344K
  class space    used 4359K, capacity 4469K, committed 4480K, reserved 1048576K
Event: 15.295 GC heap after
Heap after GC invocations=11 (full 1):
 PSYoungGen      total 303104K, used 8800K [0x00000000d6000000, 0x00000000ea600000, 0x0000000100000000)
  eden space 285184K, 0% used [0x00000000d6000000,0x00000000d6000000,0x00000000e7680000)
  from space 17920K, 49% used [0x00000000e8700000,0x00000000e8f98000,0x00000000e9880000)
  to   space 16896K, 0% used [0x00000000e7680000,0x00000000e7680000,0x00000000e8700000)
 ParOldGen       total 57344K, used 23235K [0x0000000082000000, 0x0000000085800000, 0x00000000d6000000)
  object space 57344K, 40% used [0x0000000082000000,0x00000000836b0ca0,0x0000000085800000)
 Metaspace       used 34915K, capacity 35423K, committed 35456K, reserved 1081344K
  class space    used 4359K, capacity 4469K, committed 4480K, reserved 1048576K
}
Event: 15.295 GC heap before
{Heap before GC invocations=12 (full 2):
 PSYoungGen      total 303104K, used 8800K [0x00000000d6000000, 0x00000000ea600000, 0x0000000100000000)
  eden space 285184K, 0% used [0x00000000d6000000,0x00000000d6000000,0x00000000e7680000)
  from space 17920K, 49% used [0x00000000e8700000,0x00000000e8f98000,0x00000000e9880000)
  to   space 16896K, 0% used [0x00000000e7680000,0x00000000e7680000,0x00000000e8700000)
 ParOldGen       total 57344K, used 23235K [0x0000000082000000, 0x0000000085800000, 0x00000000d6000000)
  object space 57344K, 40% used [0x0000000082000000,0x00000000836b0ca0,0x0000000085800000)
 Metaspace       used 34915K, capacity 35423K, committed 35456K, reserved 1081344K
  class space    used 4359K, capacity 4469K, committed 4480K, reserved 1048576K
Event: 15.528 GC heap after
Heap after GC invocations=12 (full 2):
 PSYoungGen      total 303104K, used 0K [0x00000000d6000000, 0x00000000ea600000, 0x0000000100000000)
  eden space 285184K, 0% used [0x00000000d6000000,0x00000000d6000000,0x00000000e7680000)
  from space 17920K, 0% used [0x00000000e8700000,0x00000000e8700000,0x00000000e9880000)
  to   space 16896K, 0% used [0x00000000e7680000,0x00000000e7680000,0x00000000e8700000)
 ParOldGen       total 91136K, used 26027K [0x0000000082000000, 0x0000000087900000, 0x00000000d6000000)
  object space 91136K, 28% used [0x0000000082000000,0x000000008396ad48,0x0000000087900000)
 Metaspace       used 34915K, capacity 35423K, committed 35456K, reserved 1081344K
  class space    used 4359K, capacity 4469K, committed 4480K, reserved 1048576K
}

